0 info it worked if it ends with ok
1 verbose cli [ 'E:\\install\\nodejs\\node.exe',
1 verbose cli   'E:\\install\\nodejs\\node_modules\\npm\\bin\\npm-cli.js',
1 verbose cli   'run',
1 verbose cli   'webpack-dev-server',
1 verbose cli   '--inline',
1 verbose cli   '--hot' ]
2 info using npm@3.7.3
3 info using node@v5.9.1
4 verbose stack Error: missing script: webpack-dev-server
4 verbose stack     at run (E:\install\nodejs\node_modules\npm\lib\run-script.js:147:19)
4 verbose stack     at E:\install\nodejs\node_modules\npm\lib\run-script.js:57:5
4 verbose stack     at E:\install\nodejs\node_modules\npm\node_modules\read-package-json\read-json.js:345:5
4 verbose stack     at checkBinReferences_ (E:\install\nodejs\node_modules\npm\node_modules\read-package-json\read-json.js:309:45)
4 verbose stack     at final (E:\install\nodejs\node_modules\npm\node_modules\read-package-json\read-json.js:343:3)
4 verbose stack     at then (E:\install\nodejs\node_modules\npm\node_modules\read-package-json\read-json.js:113:5)
4 verbose stack     at E:\install\nodejs\node_modules\npm\node_modules\read-package-json\read-json.js:300:12
4 verbose stack     at E:\install\nodejs\node_modules\npm\node_modules\graceful-fs\graceful-fs.js:78:16
4 verbose stack     at tryToString (fs.js:414:3)
4 verbose stack     at FSReqWrap.readFileAfterClose [as oncomplete] (fs.js:401:12)
5 verbose cwd E:\code\webstorm\vue-loader_stu
6 error Windows_NT 6.1.7601
7 error argv "E:\\install\\nodejs\\node.exe" "E:\\install\\nodejs\\node_modules\\npm\\bin\\npm-cli.js" "run" "webpack-dev-server" "--inline" "--hot"
8 error node v5.9.1
9 error npm  v3.7.3
10 error missing script: webpack-dev-server
11 error If you need help, you may report this error at:
11 error     <https://github.com/npm/npm/issues>
12 verbose exit [ 1, true ]
